<?xml version="1.0" encoding="UTF-8"?>
<testng-results skipped="0" failed="0" ignored="0" total="1" passed="1">
  <reporter-output>
  </reporter-output>
  <suite name="Default suite" duration-ms="53922" started-at="2023-01-31T21:46:06 IST" finished-at="2023-01-31T21:47:00 IST">
    <groups>
    </groups>
    <test name="Default test" duration-ms="53922" started-at="2023-01-31T21:46:06 IST" finished-at="2023-01-31T21:47:00 IST">
      <class name="Basics.HandlingAlertTest">
        <test-method status="PASS" signature="test1()[pri:0, instance:Basics.HandlingAlertTest@7cbd213e]" name="test1" duration-ms="53816" started-at="2023-01-31T21:46:07 IST" finished-at="2023-01-31T21:47:00 IST">
          <reporter-output>
          </reporter-output>
        </test-method> <!-- test1 -->
      </class> <!-- Basics.HandlingAlertTest -->
    </test> <!-- Default test -->
  </suite> <!-- Default suite -->
</testng-results>
